2025/07/04 19:20:32 maxprocs: Leaving GOMAXPROCS=8: CPU quota undefined
2025-07-04T19:20:32Z	INFO	setup	CAPL version: v0.8.8-33-gfd878a5-dev
2025-07-04T19:20:32Z	INFO	setup	API URL: https://api.linode.com
2025-07-04T19:20:32Z	INFO	controller-runtime.builder	Registering a validating webhook	{"GVK": "infrastructure.cluster.x-k8s.io/v1alpha2, Kind=LinodeCluster", "path": "/validate-infrastructure-cluster-x-k8s-io-v1alpha2-linodecluster"}
2025-07-04T19:20:32Z	INFO	controller-runtime.webhook	Registering webhook	{"path": "/validate-infrastructure-cluster-x-k8s-io-v1alpha2-linodecluster"}
2025-07-04T19:20:32Z	INFO	controller-runtime.builder	Registering a validating webhook	{"GVK": "infrastructure.cluster.x-k8s.io/v1alpha2, Kind=LinodeMachine", "path": "/validate-infrastructure-cluster-x-k8s-io-v1alpha2-linodemachine"}
2025-07-04T19:20:32Z	INFO	controller-runtime.webhook	Registering webhook	{"path": "/validate-infrastructure-cluster-x-k8s-io-v1alpha2-linodemachine"}
2025-07-04T19:20:32Z	INFO	controller-runtime.builder	Registering a validating webhook	{"GVK": "infrastructure.cluster.x-k8s.io/v1alpha2, Kind=LinodeVPC", "path": "/validate-infrastructure-cluster-x-k8s-io-v1alpha2-linodevpc"}
2025-07-04T19:20:32Z	INFO	controller-runtime.webhook	Registering webhook	{"path": "/validate-infrastructure-cluster-x-k8s-io-v1alpha2-linodevpc"}
2025-07-04T19:20:32Z	INFO	controller-runtime.builder	Registering a validating webhook	{"GVK": "infrastructure.cluster.x-k8s.io/v1alpha2, Kind=LinodeObjectStorageBucket", "path": "/validate-infrastructure-cluster-x-k8s-io-v1alpha2-linodeobjectstoragebucket"}
2025-07-04T19:20:32Z	INFO	controller-runtime.webhook	Registering webhook	{"path": "/validate-infrastructure-cluster-x-k8s-io-v1alpha2-linodeobjectstoragebucket"}
2025-07-04T19:20:32Z	INFO	controller-runtime.builder	Registering a validating webhook	{"GVK": "infrastructure.cluster.x-k8s.io/v1alpha2, Kind=LinodePlacementGroup", "path": "/validate-infrastructure-cluster-x-k8s-io-v1alpha2-linodeplacementgroup"}
2025-07-04T19:20:32Z	INFO	controller-runtime.webhook	Registering webhook	{"path": "/validate-infrastructure-cluster-x-k8s-io-v1alpha2-linodeplacementgroup"}
2025-07-04T19:20:32Z	INFO	controller-runtime.builder	Registering a mutating webhook	{"GVK": "infrastructure.cluster.x-k8s.io/v1alpha2, Kind=LinodeObjectStorageKey", "path": "/mutate-infrastructure-cluster-x-k8s-io-v1alpha2-linodeobjectstoragekey"}
2025-07-04T19:20:32Z	INFO	controller-runtime.webhook	Registering webhook	{"path": "/mutate-infrastructure-cluster-x-k8s-io-v1alpha2-linodeobjectstoragekey"}
2025-07-04T19:20:32Z	INFO	controller-runtime.builder	Registering a validating webhook	{"GVK": "infrastructure.cluster.x-k8s.io/v1alpha2, Kind=LinodeObjectStorageKey", "path": "/validate-infrastructure-cluster-x-k8s-io-v1alpha2-linodeobjectstoragekey"}
2025-07-04T19:20:32Z	INFO	controller-runtime.webhook	Registering webhook	{"path": "/validate-infrastructure-cluster-x-k8s-io-v1alpha2-linodeobjectstoragekey"}
2025-07-04T19:20:32Z	INFO	controller-runtime.builder	Registering a validating webhook	{"GVK": "infrastructure.cluster.x-k8s.io/v1alpha2, Kind=LinodeFirewall", "path": "/validate-infrastructure-cluster-x-k8s-io-v1alpha2-linodefirewall"}
2025-07-04T19:20:32Z	INFO	controller-runtime.webhook	Registering webhook	{"path": "/validate-infrastructure-cluster-x-k8s-io-v1alpha2-linodefirewall"}
2025-07-04T19:20:32Z	INFO	setup	opentelemetry configuration applied	{"OTEL_TRACES_EXPORTER": "none"}
2025-07-04T19:20:32Z	INFO	setup	starting manager
2025-07-04T19:20:32Z	INFO	controller-runtime.metrics	Starting metrics server
2025-07-04T19:20:32Z	INFO	starting server	{"name": "health probe", "addr": "[::]:8081"}
2025-07-04T19:20:32Z	INFO	controller-runtime.metrics	Serving metrics server	{"bindAddress": ":8443", "secure": false}
2025-07-04T19:20:32Z	INFO	controller-runtime.webhook	Starting webhook server
I0704 19:20:32.761077       1 leaderelection.go:257] attempting to acquire leader lease capl-system/3cfd31c3.cluster.x-k8s.io...
2025-07-04T19:20:32Z	INFO	controller-runtime.certwatcher	Updated current TLS certificate
2025-07-04T19:20:32Z	INFO	controller-runtime.webhook	Serving webhook server	{"host": "", "port": 9443}
2025-07-04T19:20:32Z	INFO	controller-runtime.certwatcher	Starting certificate poll+watcher	{"interval": "10s"}
I0704 19:20:51.807893       1 leaderelection.go:271] successfully acquired lease capl-system/3cfd31c3.cluster.x-k8s.io
2025-07-04T19:20:51Z	DEBUG	events	capl-controller-manager-f56c77f6b-fgc79_9dcb2295-5853-4735-83f8-c3c6ca22bf17 became leader	{"type": "Normal", "object": {"kind":"Lease","namespace":"capl-system","name":"3cfd31c3.cluster.x-k8s.io","uid":"5cc00d01-0f57-4817-b52f-5da5820d4492","apiVersion":"coordination.k8s.io/v1","resourceVersion":"4697493"}, "reason": "LeaderElection"}
2025-07-04T19:20:51Z	INFO	Starting EventSource	{"controller": "linodemachine", "controllerGroup": "infrastructure.cluster.x-k8s.io", "controllerKind": "LinodeMachine", "source": "kind source: *v1alpha2.LinodeMachine"}
2025-07-04T19:20:51Z	INFO	Starting EventSource	{"controller": "linodeplacementgroup", "controllerGroup": "infrastructure.cluster.x-k8s.io", "controllerKind": "LinodePlacementGroup", "source": "kind source: *v1beta1.Cluster"}
2025-07-04T19:20:51Z	INFO	Starting EventSource	{"controller": "linodeplacementgroup", "controllerGroup": "infrastructure.cluster.x-k8s.io", "controllerKind": "LinodePlacementGroup", "source": "kind source: *v1alpha2.LinodePlacementGroup"}
2025-07-04T19:20:51Z	INFO	Starting EventSource	{"controller": "linodemachine", "controllerGroup": "infrastructure.cluster.x-k8s.io", "controllerKind": "LinodeMachine", "source": "kind source: *v1beta1.Machine"}
2025-07-04T19:20:51Z	INFO	Starting EventSource	{"controller": "linodevpc", "controllerGroup": "infrastructure.cluster.x-k8s.io", "controllerKind": "LinodeVPC", "source": "kind source: *v1beta1.Cluster"}
2025-07-04T19:20:51Z	INFO	Starting EventSource	{"controller": "linodemachine", "controllerGroup": "infrastructure.cluster.x-k8s.io", "controllerKind": "LinodeMachine", "source": "kind source: *v1beta1.Cluster"}
2025-07-04T19:20:51Z	INFO	Starting EventSource	{"controller": "linodemachine", "controllerGroup": "infrastructure.cluster.x-k8s.io", "controllerKind": "LinodeMachine", "source": "kind source: *v1alpha2.LinodeCluster"}
2025-07-04T19:20:51Z	INFO	Starting EventSource	{"controller": "linodevpc", "controllerGroup": "infrastructure.cluster.x-k8s.io", "controllerKind": "LinodeVPC", "source": "kind source: *v1alpha2.LinodeVPC"}
2025-07-04T19:20:51Z	INFO	Starting EventSource	{"controller": "linodecluster", "controllerGroup": "infrastructure.cluster.x-k8s.io", "controllerKind": "LinodeCluster", "source": "kind source: *v1alpha2.LinodeCluster"}
2025-07-04T19:20:51Z	INFO	Starting EventSource	{"controller": "linodecluster", "controllerGroup": "infrastructure.cluster.x-k8s.io", "controllerKind": "LinodeCluster", "source": "kind source: *v1alpha2.LinodeMachine"}
2025-07-04T19:20:51Z	INFO	Starting EventSource	{"controller": "linodecluster", "controllerGroup": "infrastructure.cluster.x-k8s.io", "controllerKind": "LinodeCluster", "source": "kind source: *v1beta1.Cluster"}
2025-07-04T19:20:51Z	INFO	Starting EventSource	{"controller": "linodeobjectstoragekey", "controllerGroup": "infrastructure.cluster.x-k8s.io", "controllerKind": "LinodeObjectStorageKey", "source": "kind source: *v1beta1.Cluster"}
2025-07-04T19:20:51Z	INFO	Starting EventSource	{"controller": "linodeobjectstoragebucket", "controllerGroup": "infrastructure.cluster.x-k8s.io", "controllerKind": "LinodeObjectStorageBucket", "source": "kind source: *v1beta1.Cluster"}
2025-07-04T19:20:51Z	INFO	Starting EventSource	{"controller": "linodeobjectstoragekey", "controllerGroup": "infrastructure.cluster.x-k8s.io", "controllerKind": "LinodeObjectStorageKey", "source": "kind source: *v1.Secret"}
2025-07-04T19:20:51Z	INFO	Starting EventSource	{"controller": "linodeobjectstoragebucket", "controllerGroup": "infrastructure.cluster.x-k8s.io", "controllerKind": "LinodeObjectStorageBucket", "source": "kind source: *v1alpha2.LinodeObjectStorageBucket"}
2025-07-04T19:20:51Z	INFO	Starting EventSource	{"controller": "linodefirewall", "controllerGroup": "infrastructure.cluster.x-k8s.io", "controllerKind": "LinodeFirewall", "source": "kind source: *v1alpha2.LinodeFirewall"}
2025-07-04T19:20:51Z	INFO	Starting EventSource	{"controller": "linodefirewall", "controllerGroup": "infrastructure.cluster.x-k8s.io", "controllerKind": "LinodeFirewall", "source": "kind source: *v1beta1.Cluster"}
2025-07-04T19:20:51Z	INFO	Starting EventSource	{"controller": "linodemachinetemplate", "controllerGroup": "infrastructure.cluster.x-k8s.io", "controllerKind": "LinodeMachineTemplate", "source": "kind source: *v1alpha2.LinodeMachineTemplate"}
2025-07-04T19:20:51Z	INFO	Starting EventSource	{"controller": "linodefirewall", "controllerGroup": "infrastructure.cluster.x-k8s.io", "controllerKind": "LinodeFirewall", "source": "kind source: *v1alpha2.AddressSet"}
2025-07-04T19:20:51Z	INFO	Starting EventSource	{"controller": "linodeobjectstoragebucket", "controllerGroup": "infrastructure.cluster.x-k8s.io", "controllerKind": "LinodeObjectStorageBucket", "source": "kind source: *v1.Secret"}
2025-07-04T19:20:51Z	INFO	Starting EventSource	{"controller": "linodefirewall", "controllerGroup": "infrastructure.cluster.x-k8s.io", "controllerKind": "LinodeFirewall", "source": "kind source: *v1alpha2.FirewallRule"}
2025-07-04T19:20:51Z	INFO	Starting EventSource	{"controller": "linodeobjectstoragekey", "controllerGroup": "infrastructure.cluster.x-k8s.io", "controllerKind": "LinodeObjectStorageKey", "source": "kind source: *v1alpha2.LinodeObjectStorageKey"}
2025-07-04T19:20:51Z	INFO	Starting Controller	{"controller": "linodecluster", "controllerGroup": "infrastructure.cluster.x-k8s.io", "controllerKind": "LinodeCluster"}
2025-07-04T19:20:51Z	INFO	Starting workers	{"controller": "linodecluster", "controllerGroup": "infrastructure.cluster.x-k8s.io", "controllerKind": "LinodeCluster", "worker count": 10}
2025-07-04T19:20:51Z	INFO	Starting Controller	{"controller": "linodeobjectstoragebucket", "controllerGroup": "infrastructure.cluster.x-k8s.io", "controllerKind": "LinodeObjectStorageBucket"}
2025-07-04T19:20:51Z	INFO	Starting workers	{"controller": "linodeobjectstoragebucket", "controllerGroup": "infrastructure.cluster.x-k8s.io", "controllerKind": "LinodeObjectStorageBucket", "worker count": 10}
2025-07-04T19:20:51Z	INFO	Starting Controller	{"controller": "linodevpc", "controllerGroup": "infrastructure.cluster.x-k8s.io", "controllerKind": "LinodeVPC"}
2025-07-04T19:20:51Z	INFO	Starting workers	{"controller": "linodevpc", "controllerGroup": "infrastructure.cluster.x-k8s.io", "controllerKind": "LinodeVPC", "worker count": 10}
2025-07-04T19:20:51Z	INFO	Starting Controller	{"controller": "linodefirewall", "controllerGroup": "infrastructure.cluster.x-k8s.io", "controllerKind": "LinodeFirewall"}
2025-07-04T19:20:51Z	INFO	Starting workers	{"controller": "linodefirewall", "controllerGroup": "infrastructure.cluster.x-k8s.io", "controllerKind": "LinodeFirewall", "worker count": 10}
2025-07-04T19:20:51Z	INFO	Starting Controller	{"controller": "linodeobjectstoragekey", "controllerGroup": "infrastructure.cluster.x-k8s.io", "controllerKind": "LinodeObjectStorageKey"}
2025-07-04T19:20:51Z	INFO	Starting workers	{"controller": "linodeobjectstoragekey", "controllerGroup": "infrastructure.cluster.x-k8s.io", "controllerKind": "LinodeObjectStorageKey", "worker count": 10}
2025-07-04T19:20:51Z	INFO	Starting Controller	{"controller": "linodemachinetemplate", "controllerGroup": "infrastructure.cluster.x-k8s.io", "controllerKind": "LinodeMachineTemplate"}
2025-07-04T19:20:51Z	INFO	Starting workers	{"controller": "linodemachinetemplate", "controllerGroup": "infrastructure.cluster.x-k8s.io", "controllerKind": "LinodeMachineTemplate", "worker count": 10}
2025-07-04T19:20:51Z	INFO	Starting Controller	{"controller": "linodemachine", "controllerGroup": "infrastructure.cluster.x-k8s.io", "controllerKind": "LinodeMachine"}
2025-07-04T19:20:51Z	INFO	Starting workers	{"controller": "linodemachine", "controllerGroup": "infrastructure.cluster.x-k8s.io", "controllerKind": "LinodeMachine", "worker count": 10}
2025-07-04T19:20:51Z	INFO	LinodeMachineTemplateReconciler	Reconcile called for LinodeMachineTemplate	{"name": "lke2113-2"}
2025-07-04T19:20:51Z	INFO	LinodeMachineTemplateReconciler	Successfully reconciled LinodeMachineTemplate	{"name": "lke2113-2"}
2025-07-04T19:20:51Z	INFO	Starting Controller	{"controller": "linodeplacementgroup", "controllerGroup": "infrastructure.cluster.x-k8s.io", "controllerKind": "LinodePlacementGroup"}
2025-07-04T19:20:51Z	INFO	LinodeMachineTemplateReconciler	Reconcile called for LinodeMachineTemplate	{"name": "lke2113-admin"}
2025-07-04T19:20:51Z	INFO	LinodeMachineTemplateReconciler	Successfully reconciled LinodeMachineTemplate	{"name": "lke2113-admin"}
2025-07-04T19:20:51Z	INFO	LinodeMachineTemplateReconciler	Reconcile called for LinodeMachineTemplate	{"name": "lke2113-1"}
2025-07-04T19:20:51Z	INFO	LinodeMachineTemplateReconciler	Successfully reconciled LinodeMachineTemplate	{"name": "lke2113-1"}
2025-07-04T19:20:51Z	INFO	Starting workers	{"controller": "linodeplacementgroup", "controllerGroup": "infrastructure.cluster.x-k8s.io", "controllerKind": "LinodePlacementGroup", "worker count": 10}
2025-07-04T19:20:51Z	INFO	LoadBalancing is handled externally	{"controller": "linodecluster", "controllerGroup": "infrastructure.cluster.x-k8s.io", "controllerKind": "LinodeCluster", "LinodeCluster": {"name":"lke2113","namespace":"lke2113"}, "namespace": "lke2113", "name": "lke2113", "reconcileID": "e4a39442-9a20-4711-b885-2f65607cc99c"}
2025-07-04T19:20:51Z	INFO	LinodeMachineReconciler	updating machine	{"controller": "linodemachine", "controllerGroup": "infrastructure.cluster.x-k8s.io", "controllerKind": "LinodeMachine", "LinodeMachine": {"name":"lke2113-2-hcwz9-h4lkq","namespace":"lke2113"}, "namespace": "lke2113", "name": "lke2113-2-hcwz9-h4lkq", "reconcileID": "a22fc254-2c8f-44ef-834b-3ed0796a548e", "name": "lke2113/lke2113-2-hcwz9-h4lkq", "LinodeMachine": "lke2113-2-hcwz9-h4lkq", "LinodeCluster": "lke2113"}
2025-07-04T19:20:51Z	INFO	LinodeFirewallReconciler	Updating firewall lke2113-controlplane	{"controller": "linodefirewall", "controllerGroup": "infrastructure.cluster.x-k8s.io", "controllerKind": "LinodeFirewall", "LinodeFirewall": {"name":"lke2113-controlplane","namespace":"lke2113"}, "namespace": "lke2113", "name": "lke2113-controlplane", "reconcileID": "edb7c48b-3b2a-47ec-a478-bea11b808d6b", "name": "lke2113/lke2113-controlplane", "fwID": 2940000}
2025-07-04T19:20:51Z	INFO	LinodeMachineReconciler	updating machine	{"controller": "linodemachine", "controllerGroup": "infrastructure.cluster.x-k8s.io", "controllerKind": "LinodeMachine", "LinodeMachine": {"name":"lke2113-1-l4zrd-shpck","namespace":"lke2113"}, "namespace": "lke2113", "name": "lke2113-1-l4zrd-shpck", "reconcileID": "abe862e0-a8ff-48cb-bf65-f180ac8712aa", "name": "lke2113/lke2113-1-l4zrd-shpck", "LinodeMachine": "lke2113-1-l4zrd-shpck", "LinodeCluster": "lke2113"}
2025-07-04T19:20:51Z	INFO	LinodeMachineReconciler	updating machine	{"controller": "linodemachine", "controllerGroup": "infrastructure.cluster.x-k8s.io", "controllerKind": "LinodeMachine", "LinodeMachine": {"name":"lke2113-2-hcwz9-2klpx","namespace":"lke2113"}, "namespace": "lke2113", "name": "lke2113-2-hcwz9-2klpx", "reconcileID": "70e74287-4b37-49bc-bcd4-2e969f0e040d", "name": "lke2113/lke2113-2-hcwz9-2klpx", "LinodeMachine": "lke2113-2-hcwz9-2klpx", "LinodeCluster": "lke2113"}
2025-07-04T19:20:51Z	INFO	LinodeMachineReconciler	updating machine	{"controller": "linodemachine", "controllerGroup": "infrastructure.cluster.x-k8s.io", "controllerKind": "LinodeMachine", "LinodeMachine": {"name":"lke2113-1-l4zrd-z68v7","namespace":"lke2113"}, "namespace": "lke2113", "name": "lke2113-1-l4zrd-z68v7", "reconcileID": "b02247c1-2247-4984-bde0-872d4608fe66", "name": "lke2113/lke2113-1-l4zrd-z68v7", "LinodeMachine": "lke2113-1-l4zrd-z68v7", "LinodeCluster": "lke2113"}
2025-07-04T19:20:51Z	INFO	LinodeMachineReconciler	updating machine	{"controller": "linodemachine", "controllerGroup": "infrastructure.cluster.x-k8s.io", "controllerKind": "LinodeMachine", "LinodeMachine": {"name":"lke2113-admin-lhnms","namespace":"lke2113-dedicated"}, "namespace": "lke2113-dedicated", "name": "lke2113-admin-lhnms", "reconcileID": "8d61069f-ba26-4710-88b0-ee99daccf79b", "name": "lke2113-dedicated/lke2113-admin-lhnms", "LinodeMachine": "lke2113-admin-lhnms", "LinodeCluster": "lke2113-admin"}
2025-07-04T19:20:51Z	INFO	LinodeMachineReconciler	updating machine	{"controller": "linodemachine", "controllerGroup": "infrastructure.cluster.x-k8s.io", "controllerKind": "LinodeMachine", "LinodeMachine": {"name":"lke2113-admin-6r42g","namespace":"lke2113-dedicated"}, "namespace": "lke2113-dedicated", "name": "lke2113-admin-6r42g", "reconcileID": "03af2a69-616b-4128-b926-80a926046d2b", "name": "lke2113-dedicated/lke2113-admin-6r42g", "LinodeMachine": "lke2113-admin-6r42g", "LinodeCluster": "lke2113-admin"}
2025-07-04T19:20:51Z	INFO	LinodeMachineReconciler	updating machine	{"controller": "linodemachine", "controllerGroup": "infrastructure.cluster.x-k8s.io", "controllerKind": "LinodeMachine", "LinodeMachine": {"name":"lke2113-2-hcwz9-h9fzq","namespace":"lke2113"}, "namespace": "lke2113", "name": "lke2113-2-hcwz9-h9fzq", "reconcileID": "741b41fa-0b98-46c8-8021-225959370b4c", "name": "lke2113/lke2113-2-hcwz9-h9fzq", "LinodeMachine": "lke2113-2-hcwz9-h9fzq", "LinodeCluster": "lke2113"}
2025-07-04T19:20:51Z	INFO	LinodeMachineReconciler	updating machine	{"controller": "linodemachine", "controllerGroup": "infrastructure.cluster.x-k8s.io", "controllerKind": "LinodeMachine", "LinodeMachine": {"name":"lke2113-admin-7z9s7","namespace":"lke2113-dedicated"}, "namespace": "lke2113-dedicated", "name": "lke2113-admin-7z9s7", "reconcileID": "35c0a67c-41eb-4522-af83-cbaaf811e3eb", "name": "lke2113-dedicated/lke2113-admin-7z9s7", "LinodeMachine": "lke2113-admin-7z9s7", "LinodeCluster": "lke2113-admin"}
2025-07-04T19:20:51Z	INFO	LinodeMachineReconciler	updating machine	{"controller": "linodemachine", "controllerGroup": "infrastructure.cluster.x-k8s.io", "controllerKind": "LinodeMachine", "LinodeMachine": {"name":"lke2113-1-l4zrd-kqk5c","namespace":"lke2113"}, "namespace": "lke2113", "name": "lke2113-1-l4zrd-kqk5c", "reconcileID": "a978c14b-90bc-4d53-9f3b-595f2c8f54e9", "name": "lke2113/lke2113-1-l4zrd-kqk5c", "LinodeMachine": "lke2113-1-l4zrd-kqk5c", "LinodeCluster": "lke2113"}
2025-07-04T19:20:51Z	INFO	LinodeVPCReconciler	updating vpc	{"controller": "linodevpc", "controllerGroup": "infrastructure.cluster.x-k8s.io", "controllerKind": "LinodeVPC", "LinodeVPC": {"name":"lke2113-admin","namespace":"lke2113-dedicated"}, "namespace": "lke2113-dedicated", "name": "lke2113-admin", "reconcileID": "98bddf85-ca8c-4775-8c76-5ef6db1ce796", "name": "lke2113-dedicated/lke2113-admin", "vpcID": 204883}
2025-07-04T19:20:51Z	INFO	LinodeVPCReconciler	updating vpc	{"controller": "linodevpc", "controllerGroup": "infrastructure.cluster.x-k8s.io", "controllerKind": "LinodeVPC", "LinodeVPC": {"name":"lke2113","namespace":"lke2113"}, "namespace": "lke2113", "name": "lke2113", "reconcileID": "ee7b593e-5549-40ad-b5b3-8be3e51f6c12", "name": "lke2113/lke2113", "vpcID": 204893}
2025-07-04T19:20:51Z	INFO	linodefirewall-resource	Validation for LinodeFirewall upon update	{"name": "lke2113-admin"}
2025-07-04T19:20:51Z	INFO	linodeplacementgroup-resource	Validation for LinodePlacementGroup upon update	{"name": "lke2113-admin"}
2025-07-04T19:20:51Z	INFO	LinodePlacementGroupReconciler	updating placement group	{"controller": "linodeplacementgroup", "controllerGroup": "infrastructure.cluster.x-k8s.io", "controllerKind": "LinodePlacementGroup", "LinodePlacementGroup": {"name":"lke2113-admin","namespace":"lke2113-dedicated"}, "namespace": "lke2113-dedicated", "name": "lke2113-admin", "reconcileID": "e25534d0-7e8b-4f75-89c1-72d0a5aca640", "name": "lke2113-dedicated/lke2113-admin", "pgID": 406797}
2025-07-04T19:20:51Z	INFO	LinodeFirewallReconciler	Updating firewall lke2113-admin	{"controller": "linodefirewall", "controllerGroup": "infrastructure.cluster.x-k8s.io", "controllerKind": "LinodeFirewall", "LinodeFirewall": {"name":"lke2113-admin","namespace":"lke2113-dedicated"}, "namespace": "lke2113-dedicated", "name": "lke2113-admin", "reconcileID": "1134bf9f-aff0-44c9-bc23-9fd7c1b31196", "name": "lke2113-dedicated/lke2113-admin", "fwID": 2939845}
2025-07-04T19:20:51Z	INFO	LinodeMachineTemplateReconciler	Reconcile called for LinodeMachineTemplate	{"name": "lke2113-admin"}
2025-07-04T19:20:51Z	INFO	LinodeMachineTemplateReconciler	Successfully reconciled LinodeMachineTemplate	{"name": "lke2113-admin"}
2025-07-04T19:20:51Z	INFO	LinodeMachineTemplateReconciler	Reconcile called for LinodeMachineTemplate	{"name": "lke2113-1"}
2025-07-04T19:20:51Z	INFO	LinodeMachineTemplateReconciler	Successfully reconciled LinodeMachineTemplate	{"name": "lke2113-1"}
2025-07-04T19:20:51Z	INFO	LinodeMachineTemplateReconciler	Reconcile called for LinodeMachineTemplate	{"name": "lke2113-2"}
2025-07-04T19:20:51Z	INFO	LinodeMachineTemplateReconciler	Successfully reconciled LinodeMachineTemplate	{"name": "lke2113-2"}
2025-07-04T19:20:52Z	ERROR	LinodeMachineReconciler	Fail to delete bootstrap data	{"controller": "linodemachine", "controllerGroup": "infrastructure.cluster.x-k8s.io", "controllerKind": "LinodeMachine", "LinodeMachine": {"name":"lke2113-admin-7z9s7","namespace":"lke2113-dedicated"}, "namespace": "lke2113-dedicated", "name": "lke2113-admin-7z9s7", "reconcileID": "35c0a67c-41eb-4522-af83-cbaaf811e3eb", "name": "lke2113-dedicated/lke2113-admin-7z9s7", "LinodeMachine": "lke2113-admin-7z9s7", "LinodeCluster": "lke2113-admin", "error": "delete object: operation error S3: HeadObject, resolve auth scheme: resolve endpoint: endpoint rule error, Custom endpoint `us-iad-1.linodeobjects.com` was not a valid URI"}
github.com/linode/cluster-api-provider-linode/internal/controller.(*LinodeMachineReconciler).reconcileUpdate
	/workspace/internal/controller/linodemachine_controller.go:761
github.com/linode/cluster-api-provider-linode/internal/controller.(*LinodeMachineReconciler).reconcile
	/workspace/internal/controller/linodemachine_controller.go:255
github.com/linode/cluster-api-provider-linode/internal/controller.(*LinodeMachineReconciler).Reconcile
	/workspace/internal/controller/linodemachine_controller.go:179
github.com/linode/cluster-api-provider-linode/observability/wrappers/runtimereconciler.RuntimeReconcilerWithTracing.Reconcile
	/workspace/observability/wrappers/runtimereconciler/runtimereconciler.gen.go:60
sigs.k8s.io/controller-runtime/pkg/internal/controller.(*Controller[...]).Reconcile
	/go/pkg/mod/sigs.k8s.io/controller-runtime@v0.21.0/pkg/internal/controller/controller.go:119
sigs.k8s.io/controller-runtime/pkg/internal/controller.(*Controller[...]).reconcileHandler
	/go/pkg/mod/sigs.k8s.io/controller-runtime@v0.21.0/pkg/internal/controller/controller.go:340
sigs.k8s.io/controller-runtime/pkg/internal/controller.(*Controller[...]).processNextWorkItem
	/go/pkg/mod/sigs.k8s.io/controller-runtime@v0.21.0/pkg/internal/controller/controller.go:300
sigs.k8s.io/controller-runtime/pkg/internal/controller.(*Controller[...]).Start.func2.1
	/go/pkg/mod/sigs.k8s.io/controller-runtime@v0.21.0/pkg/internal/controller/controller.go:202
2025-07-04T19:20:52Z	ERROR	LinodeMachineReconciler	Fail to delete bootstrap data	{"controller": "linodemachine", "controllerGroup": "infrastructure.cluster.x-k8s.io", "controllerKind": "LinodeMachine", "LinodeMachine": {"name":"lke2113-1-l4zrd-kqk5c","namespace":"lke2113"}, "namespace": "lke2113", "name": "lke2113-1-l4zrd-kqk5c", "reconcileID": "a978c14b-90bc-4d53-9f3b-595f2c8f54e9", "name": "lke2113/lke2113-1-l4zrd-kqk5c", "LinodeMachine": "lke2113-1-l4zrd-kqk5c", "LinodeCluster": "lke2113", "error": "get bucket name: get credentials secret lke2113/object-storage: Secret \"object-storage\" not found"}
github.com/linode/cluster-api-provider-linode/internal/controller.(*LinodeMachineReconciler).reconcileUpdate
	/workspace/internal/controller/linodemachine_controller.go:761
github.com/linode/cluster-api-provider-linode/internal/controller.(*LinodeMachineReconciler).reconcile
	/workspace/internal/controller/linodemachine_controller.go:255
github.com/linode/cluster-api-provider-linode/internal/controller.(*LinodeMachineReconciler).Reconcile
	/workspace/internal/controller/linodemachine_controller.go:179
github.com/linode/cluster-api-provider-linode/observability/wrappers/runtimereconciler.RuntimeReconcilerWithTracing.Reconcile
	/workspace/observability/wrappers/runtimereconciler/runtimereconciler.gen.go:60
sigs.k8s.io/controller-runtime/pkg/internal/controller.(*Controller[...]).Reconcile
	/go/pkg/mod/sigs.k8s.io/controller-runtime@v0.21.0/pkg/internal/controller/controller.go:119
sigs.k8s.io/controller-runtime/pkg/internal/controller.(*Controller[...]).reconcileHandler
	/go/pkg/mod/sigs.k8s.io/controller-runtime@v0.21.0/pkg/internal/controller/controller.go:340
sigs.k8s.io/controller-runtime/pkg/internal/controller.(*Controller[...]).processNextWorkItem
	/go/pkg/mod/sigs.k8s.io/controller-runtime@v0.21.0/pkg/internal/controller/controller.go:300
sigs.k8s.io/controller-runtime/pkg/internal/controller.(*Controller[...]).Start.func2.1
	/go/pkg/mod/sigs.k8s.io/controller-runtime@v0.21.0/pkg/internal/controller/controller.go:202
2025-07-04T19:20:52Z	ERROR	LinodeMachineReconciler	Fail to delete bootstrap data	{"controller": "linodemachine", "controllerGroup": "infrastructure.cluster.x-k8s.io", "controllerKind": "LinodeMachine", "LinodeMachine": {"name":"lke2113-1-l4zrd-shpck","namespace":"lke2113"}, "namespace": "lke2113", "name": "lke2113-1-l4zrd-shpck", "reconcileID": "abe862e0-a8ff-48cb-bf65-f180ac8712aa", "name": "lke2113/lke2113-1-l4zrd-shpck", "LinodeMachine": "lke2113-1-l4zrd-shpck", "LinodeCluster": "lke2113", "error": "get bucket name: get credentials secret lke2113/object-storage: Secret \"object-storage\" not found"}
github.com/linode/cluster-api-provider-linode/internal/controller.(*LinodeMachineReconciler).reconcileUpdate
	/workspace/internal/controller/linodemachine_controller.go:761
github.com/linode/cluster-api-provider-linode/internal/controller.(*LinodeMachineReconciler).reconcile
	/workspace/internal/controller/linodemachine_controller.go:255
github.com/linode/cluster-api-provider-linode/internal/controller.(*LinodeMachineReconciler).Reconcile
	/workspace/internal/controller/linodemachine_controller.go:179
github.com/linode/cluster-api-provider-linode/observability/wrappers/runtimereconciler.RuntimeReconcilerWithTracing.Reconcile
	/workspace/observability/wrappers/runtimereconciler/runtimereconciler.gen.go:60
sigs.k8s.io/controller-runtime/pkg/internal/controller.(*Controller[...]).Reconcile
	/go/pkg/mod/sigs.k8s.io/controller-runtime@v0.21.0/pkg/internal/controller/controller.go:119
sigs.k8s.io/controller-runtime/pkg/internal/controller.(*Controller[...]).reconcileHandler
	/go/pkg/mod/sigs.k8s.io/controller-runtime@v0.21.0/pkg/internal/controller/controller.go:340
sigs.k8s.io/controller-runtime/pkg/internal/controller.(*Controller[...]).processNextWorkItem
	/go/pkg/mod/sigs.k8s.io/controller-runtime@v0.21.0/pkg/internal/controller/controller.go:300
sigs.k8s.io/controller-runtime/pkg/internal/controller.(*Controller[...]).Start.func2.1
	/go/pkg/mod/sigs.k8s.io/controller-runtime@v0.21.0/pkg/internal/controller/controller.go:202
2025-07-04T19:20:52Z	ERROR	LinodeMachineReconciler	Fail to delete bootstrap data	{"controller": "linodemachine", "controllerGroup": "infrastructure.cluster.x-k8s.io", "controllerKind": "LinodeMachine", "LinodeMachine": {"name":"lke2113-admin-lhnms","namespace":"lke2113-dedicated"}, "namespace": "lke2113-dedicated", "name": "lke2113-admin-lhnms", "reconcileID": "8d61069f-ba26-4710-88b0-ee99daccf79b", "name": "lke2113-dedicated/lke2113-admin-lhnms", "LinodeMachine": "lke2113-admin-lhnms", "LinodeCluster": "lke2113-admin", "error": "delete object: operation error S3: HeadObject, resolve auth scheme: resolve endpoint: endpoint rule error, Custom endpoint `us-iad-1.linodeobjects.com` was not a valid URI"}
github.com/linode/cluster-api-provider-linode/internal/controller.(*LinodeMachineReconciler).reconcileUpdate
	/workspace/internal/controller/linodemachine_controller.go:761
github.com/linode/cluster-api-provider-linode/internal/controller.(*LinodeMachineReconciler).reconcile
	/workspace/internal/controller/linodemachine_controller.go:255
github.com/linode/cluster-api-provider-linode/internal/controller.(*LinodeMachineReconciler).Reconcile
	/workspace/internal/controller/linodemachine_controller.go:179
github.com/linode/cluster-api-provider-linode/observability/wrappers/runtimereconciler.RuntimeReconcilerWithTracing.Reconcile
	/workspace/observability/wrappers/runtimereconciler/runtimereconciler.gen.go:60
sigs.k8s.io/controller-runtime/pkg/internal/controller.(*Controller[...]).Reconcile
	/go/pkg/mod/sigs.k8s.io/controller-runtime@v0.21.0/pkg/internal/controller/controller.go:119
sigs.k8s.io/controller-runtime/pkg/internal/controller.(*Controller[...]).reconcileHandler
	/go/pkg/mod/sigs.k8s.io/controller-runtime@v0.21.0/pkg/internal/controller/controller.go:340
sigs.k8s.io/controller-runtime/pkg/internal/controller.(*Controller[...]).processNextWorkItem
	/go/pkg/mod/sigs.k8s.io/controller-runtime@v0.21.0/pkg/internal/controller/controller.go:300
sigs.k8s.io/controller-runtime/pkg/internal/controller.(*Controller[...]).Start.func2.1
	/go/pkg/mod/sigs.k8s.io/controller-runtime@v0.21.0/pkg/internal/controller/controller.go:202
2025-07-04T19:20:52Z	ERROR	LinodeMachineReconciler	Fail to delete bootstrap data	{"controller": "linodemachine", "controllerGroup": "infrastructure.cluster.x-k8s.io", "controllerKind": "LinodeMachine", "LinodeMachine": {"name":"lke2113-2-hcwz9-h9fzq","namespace":"lke2113"}, "namespace": "lke2113", "name": "lke2113-2-hcwz9-h9fzq", "reconcileID": "741b41fa-0b98-46c8-8021-225959370b4c", "name": "lke2113/lke2113-2-hcwz9-h9fzq", "LinodeMachine": "lke2113-2-hcwz9-h9fzq", "LinodeCluster": "lke2113", "error": "get bucket name: get credentials secret lke2113/object-storage: Secret \"object-storage\" not found"}
github.com/linode/cluster-api-provider-linode/internal/controller.(*LinodeMachineReconciler).reconcileUpdate
	/workspace/internal/controller/linodemachine_controller.go:761
github.com/linode/cluster-api-provider-linode/internal/controller.(*LinodeMachineReconciler).reconcile
	/workspace/internal/controller/linodemachine_controller.go:255
github.com/linode/cluster-api-provider-linode/internal/controller.(*LinodeMachineReconciler).Reconcile
	/workspace/internal/controller/linodemachine_controller.go:179
github.com/linode/cluster-api-provider-linode/observability/wrappers/runtimereconciler.RuntimeReconcilerWithTracing.Reconcile
	/workspace/observability/wrappers/runtimereconciler/runtimereconciler.gen.go:60
sigs.k8s.io/controller-runtime/pkg/internal/controller.(*Controller[...]).Reconcile
	/go/pkg/mod/sigs.k8s.io/controller-runtime@v0.21.0/pkg/internal/controller/controller.go:119
sigs.k8s.io/controller-runtime/pkg/internal/controller.(*Controller[...]).reconcileHandler
	/go/pkg/mod/sigs.k8s.io/controller-runtime@v0.21.0/pkg/internal/controller/controller.go:340
sigs.k8s.io/controller-runtime/pkg/internal/controller.(*Controller[...]).processNextWorkItem
	/go/pkg/mod/sigs.k8s.io/controller-runtime@v0.21.0/pkg/internal/controller/controller.go:300
sigs.k8s.io/controller-runtime/pkg/internal/controller.(*Controller[...]).Start.func2.1
	/go/pkg/mod/sigs.k8s.io/controller-runtime@v0.21.0/pkg/internal/controller/controller.go:202
2025-07-04T19:20:52Z	ERROR	LinodeMachineReconciler	Fail to delete bootstrap data	{"controller": "linodemachine", "controllerGroup": "infrastructure.cluster.x-k8s.io", "controllerKind": "LinodeMachine", "LinodeMachine": {"name":"lke2113-1-l4zrd-z68v7","namespace":"lke2113"}, "namespace": "lke2113", "name": "lke2113-1-l4zrd-z68v7", "reconcileID": "b02247c1-2247-4984-bde0-872d4608fe66", "name": "lke2113/lke2113-1-l4zrd-z68v7", "LinodeMachine": "lke2113-1-l4zrd-z68v7", "LinodeCluster": "lke2113", "error": "get bucket name: get credentials secret lke2113/object-storage: Secret \"object-storage\" not found"}
github.com/linode/cluster-api-provider-linode/internal/controller.(*LinodeMachineReconciler).reconcileUpdate
	/workspace/internal/controller/linodemachine_controller.go:761
github.com/linode/cluster-api-provider-linode/internal/controller.(*LinodeMachineReconciler).reconcile
	/workspace/internal/controller/linodemachine_controller.go:255
github.com/linode/cluster-api-provider-linode/internal/controller.(*LinodeMachineReconciler).Reconcile
	/workspace/internal/controller/linodemachine_controller.go:179
github.com/linode/cluster-api-provider-linode/observability/wrappers/runtimereconciler.RuntimeReconcilerWithTracing.Reconcile
	/workspace/observability/wrappers/runtimereconciler/runtimereconciler.gen.go:60
sigs.k8s.io/controller-runtime/pkg/internal/controller.(*Controller[...]).Reconcile
	/go/pkg/mod/sigs.k8s.io/controller-runtime@v0.21.0/pkg/internal/controller/controller.go:119
sigs.k8s.io/controller-runtime/pkg/internal/controller.(*Controller[...]).reconcileHandler
	/go/pkg/mod/sigs.k8s.io/controller-runtime@v0.21.0/pkg/internal/controller/controller.go:340
sigs.k8s.io/controller-runtime/pkg/internal/controller.(*Controller[...]).processNextWorkItem
	/go/pkg/mod/sigs.k8s.io/controller-runtime@v0.21.0/pkg/internal/controller/controller.go:300
sigs.k8s.io/controller-runtime/pkg/internal/controller.(*Controller[...]).Start.func2.1
	/go/pkg/mod/sigs.k8s.io/controller-runtime@v0.21.0/pkg/internal/controller/controller.go:202
2025-07-04T19:20:52Z	ERROR	LinodeMachineReconciler	Fail to delete bootstrap data	{"controller": "linodemachine", "controllerGroup": "infrastructure.cluster.x-k8s.io", "controllerKind": "LinodeMachine", "LinodeMachine": {"name":"lke2113-admin-6r42g","namespace":"lke2113-dedicated"}, "namespace": "lke2113-dedicated", "name": "lke2113-admin-6r42g", "reconcileID": "03af2a69-616b-4128-b926-80a926046d2b", "name": "lke2113-dedicated/lke2113-admin-6r42g", "LinodeMachine": "lke2113-admin-6r42g", "LinodeCluster": "lke2113-admin", "error": "delete object: operation error S3: HeadObject, resolve auth scheme: resolve endpoint: endpoint rule error, Custom endpoint `us-iad-1.linodeobjects.com` was not a valid URI"}
github.com/linode/cluster-api-provider-linode/internal/controller.(*LinodeMachineReconciler).reconcileUpdate
	/workspace/internal/controller/linodemachine_controller.go:761
github.com/linode/cluster-api-provider-linode/internal/controller.(*LinodeMachineReconciler).reconcile
	/workspace/internal/controller/linodemachine_controller.go:255
github.com/linode/cluster-api-provider-linode/internal/controller.(*LinodeMachineReconciler).Reconcile
	/workspace/internal/controller/linodemachine_controller.go:179
github.com/linode/cluster-api-provider-linode/observability/wrappers/runtimereconciler.RuntimeReconcilerWithTracing.Reconcile
	/workspace/observability/wrappers/runtimereconciler/runtimereconciler.gen.go:60
sigs.k8s.io/controller-runtime/pkg/internal/controller.(*Controller[...]).Reconcile
	/go/pkg/mod/sigs.k8s.io/controller-runtime@v0.21.0/pkg/internal/controller/controller.go:119
sigs.k8s.io/controller-runtime/pkg/internal/controller.(*Controller[...]).reconcileHandler
	/go/pkg/mod/sigs.k8s.io/controller-runtime@v0.21.0/pkg/internal/controller/controller.go:340
sigs.k8s.io/controller-runtime/pkg/internal/controller.(*Controller[...]).processNextWorkItem
	/go/pkg/mod/sigs.k8s.io/controller-runtime@v0.21.0/pkg/internal/controller/controller.go:300
sigs.k8s.io/controller-runtime/pkg/internal/controller.(*Controller[...]).Start.func2.1
	/go/pkg/mod/sigs.k8s.io/controller-runtime@v0.21.0/pkg/internal/controller/controller.go:202
2025-07-04T19:20:52Z	DEBUG	events	Updated Firewall 2939845	{"type": "Normal", "object": {"kind":"LinodeFirewall","namespace":"lke2113-dedicated","name":"lke2113-admin","uid":"04f78e63-9a95-4524-af16-d603375e27c6","apiVersion":"infrastructure.cluster.x-k8s.io/v1alpha2","resourceVersion":"4201"}, "reason": "Updated"}
2025-07-04T19:20:52Z	DEBUG	events	Updated Firewall 2940000	{"type": "Normal", "object": {"kind":"LinodeFirewall","namespace":"lke2113","name":"lke2113-controlplane","uid":"34aa8ea5-6c55-492a-9314-2d63ce89d369","apiVersion":"infrastructure.cluster.x-k8s.io/v1alpha2","resourceVersion":"20815"}, "reason": "Updated"}
2025-07-04T19:20:52Z	ERROR	LinodeMachineReconciler	Fail to delete bootstrap data	{"controller": "linodemachine", "controllerGroup": "infrastructure.cluster.x-k8s.io", "controllerKind": "LinodeMachine", "LinodeMachine": {"name":"lke2113-2-hcwz9-h4lkq","namespace":"lke2113"}, "namespace": "lke2113", "name": "lke2113-2-hcwz9-h4lkq", "reconcileID": "a22fc254-2c8f-44ef-834b-3ed0796a548e", "name": "lke2113/lke2113-2-hcwz9-h4lkq", "LinodeMachine": "lke2113-2-hcwz9-h4lkq", "LinodeCluster": "lke2113", "error": "get bucket name: get credentials secret lke2113/object-storage: Secret \"object-storage\" not found"}
github.com/linode/cluster-api-provider-linode/internal/controller.(*LinodeMachineReconciler).reconcileUpdate
	/workspace/internal/controller/linodemachine_controller.go:761
github.com/linode/cluster-api-provider-linode/internal/controller.(*LinodeMachineReconciler).reconcile
	/workspace/internal/controller/linodemachine_controller.go:255
github.com/linode/cluster-api-provider-linode/internal/controller.(*LinodeMachineReconciler).Reconcile
	/workspace/internal/controller/linodemachine_controller.go:179
github.com/linode/cluster-api-provider-linode/observability/wrappers/runtimereconciler.RuntimeReconcilerWithTracing.Reconcile
	/workspace/observability/wrappers/runtimereconciler/runtimereconciler.gen.go:60
sigs.k8s.io/controller-runtime/pkg/internal/controller.(*Controller[...]).Reconcile
	/go/pkg/mod/sigs.k8s.io/controller-runtime@v0.21.0/pkg/internal/controller/controller.go:119
sigs.k8s.io/controller-runtime/pkg/internal/controller.(*Controller[...]).reconcileHandler
	/go/pkg/mod/sigs.k8s.io/controller-runtime@v0.21.0/pkg/internal/controller/controller.go:340
sigs.k8s.io/controller-runtime/pkg/internal/controller.(*Controller[...]).processNextWorkItem
	/go/pkg/mod/sigs.k8s.io/controller-runtime@v0.21.0/pkg/internal/controller/controller.go:300
sigs.k8s.io/controller-runtime/pkg/internal/controller.(*Controller[...]).Start.func2.1
	/go/pkg/mod/sigs.k8s.io/controller-runtime@v0.21.0/pkg/internal/controller/controller.go:202
2025-07-04T19:20:52Z	ERROR	LinodeMachineReconciler	Fail to delete bootstrap data	{"controller": "linodemachine", "controllerGroup": "infrastructure.cluster.x-k8s.io", "controllerKind": "LinodeMachine", "LinodeMachine": {"name":"lke2113-2-hcwz9-2klpx","namespace":"lke2113"}, "namespace": "lke2113", "name": "lke2113-2-hcwz9-2klpx", "reconcileID": "70e74287-4b37-49bc-bcd4-2e969f0e040d", "name": "lke2113/lke2113-2-hcwz9-2klpx", "LinodeMachine": "lke2113-2-hcwz9-2klpx", "LinodeCluster": "lke2113", "error": "get bucket name: get credentials secret lke2113/object-storage: Secret \"object-storage\" not found"}
github.com/linode/cluster-api-provider-linode/internal/controller.(*LinodeMachineReconciler).reconcileUpdate
	/workspace/internal/controller/linodemachine_controller.go:761
github.com/linode/cluster-api-provider-linode/internal/controller.(*LinodeMachineReconciler).reconcile
	/workspace/internal/controller/linodemachine_controller.go:255
github.com/linode/cluster-api-provider-linode/internal/controller.(*LinodeMachineReconciler).Reconcile
	/workspace/internal/controller/linodemachine_controller.go:179
github.com/linode/cluster-api-provider-linode/observability/wrappers/runtimereconciler.RuntimeReconcilerWithTracing.Reconcile
	/workspace/observability/wrappers/runtimereconciler/runtimereconciler.gen.go:60
sigs.k8s.io/controller-runtime/pkg/internal/controller.(*Controller[...]).Reconcile
	/go/pkg/mod/sigs.k8s.io/controller-runtime@v0.21.0/pkg/internal/controller/controller.go:119
sigs.k8s.io/controller-runtime/pkg/internal/controller.(*Controller[...]).reconcileHandler
	/go/pkg/mod/sigs.k8s.io/controller-runtime@v0.21.0/pkg/internal/controller/controller.go:340
sigs.k8s.io/controller-runtime/pkg/internal/controller.(*Controller[...]).processNextWorkItem
	/go/pkg/mod/sigs.k8s.io/controller-runtime@v0.21.0/pkg/internal/controller/controller.go:300
sigs.k8s.io/controller-runtime/pkg/internal/controller.(*Controller[...]).Start.func2.1
	/go/pkg/mod/sigs.k8s.io/controller-runtime@v0.21.0/pkg/internal/controller/controller.go:202
